#
# There is insufficient memory for the Java Runtime Environment to continue.
# Native memory allocation (malloc) failed to allocate 45296 bytes for Chunk::new
# Possible reasons:
#   The system is out of physical RAM or swap space
#   In 32 bit mode, the process size limit was hit
# Possible solutions:
#   Reduce memory load on the system
#   Increase physical memory or swap space
#   Check if swap backing store is full
#   Use 64 bit Java on a 64 bit OS
#   Decrease Java heap size (-Xmx/-Xms)
#   Decrease number of Java threads
#   Decrease Java thread stack sizes (-Xss)
#   Set larger code cache with -XX:ReservedCodeCacheSize=
# This output file may be truncated or incomplete.
#
#  Out of Memory Error (allocation.cpp:390), pid=4388, tid=0x0000000000003790
#
# JRE version: Java(TM) SE Runtime Environment (8.0_92-b14) (build 1.8.0_92-b14)
# Java VM: Java HotSpot(TM) 64-Bit Server VM (25.92-b14 mixed mode windows-amd64 compressed oops)
# Failed to write core dump. Minidumps are not enabled by default on client versions of Windows
#

---------------  T H R E A D  ---------------

Current thread (0x0000000016fd0800):  JavaThread "C2 CompilerThread0" daemon [_thread_in_native, id=14224, stack(0x0000000018650000,0x0000000018750000)]

Stack: [0x0000000018650000,0x0000000018750000]
[error occurred during error reporting (printing stack bounds), id 0xc0000005]

Native frames: (J=compiled Java code, j=interpreted, Vv=VM code, C=native code)


Current CompileTask:
C2:    537  342  s!   4       sun.misc.URLClassPath::getLoader (197 bytes)


---------------  P R O C E S S  ---------------

Java Threads: ( => current thread )
  0x0000000018973000 JavaThread "Service Thread" daemon [_thread_blocked, id=14820, stack(0x0000000018d50000,0x0000000018e50000)]
  0x0000000016fd7000 JavaThread "C1 CompilerThread2" daemon [_thread_blocked, id=14508, stack(0x0000000018850000,0x0000000018950000)]
  0x0000000016fd2800 JavaThread "C2 CompilerThread1" daemon [_thread_in_native, id=11456, stack(0x0000000018750000,0x0000000018850000)]
=>0x0000000016fd0800 JavaThread "C2 CompilerThread0" daemon [_thread_in_native, id=14224, stack(0x0000000018650000,0x0000000018750000)]
  0x0000000016fce800 JavaThread "Attach Listener" daemon [_thread_blocked, id=11340, stack(0x0000000018550000,0x0000000018650000)]
  0x0000000016fcb800 JavaThread "Signal Dispatcher" daemon [_thread_blocked, id=14216, stack(0x0000000018450000,0x0000000018550000)]
  0x000000000243b000 JavaThread "Finalizer" daemon [_thread_blocked, id=15248, stack(0x0000000018240000,0x0000000018340000)]
  0x0000000002430800 JavaThread "Reference Handler" daemon [_thread_blocked, id=12708, stack(0x0000000018140000,0x0000000018240000)]
  0x0000000000bde000 JavaThread "main" [_thread_in_vm, id=13480, stack(0x0000000000ac0000,0x0000000000bc0000)]

Other Threads:
  0x0000000016f98000 VMThread [stack: 0x0000000018040000,0x0000000018140000] [id=3816]
  0x0000000018997800 WatcherThread [stack: 0x0000000018e50000,0x0000000018f50000] [id=11920]

VM state:not at safepoint (normal execution)

VM Mutex/Monitor currently owned by a thread: None

Heap:
 PSYoungGen      total 38400K, used 13328K [0x00000000d5d00000, 0x00000000d8780000, 0x0000000100000000)
  eden space 33280K, 40% used [0x00000000d5d00000,0x00000000d6a04388,0x00000000d7d80000)
  from space 5120K, 0% used [0x00000000d8280000,0x00000000d8280000,0x00000000d8780000)
  to   space 5120K, 0% used [0x00000000d7d80000,0x00000000d7d80000,0x00000000d8280000)
 ParOldGen       total 87552K, used 0K [0x0000000081600000, 0x0000000086b80000, 0x00000000d5d00000)
  object space 87552K, 0% used [0x0000000081600000,0x0000000081600000,0x0000000086b80000)
 Metaspace       used 5937K, capacity 6220K, committed 6528K, reserved 1056768K
  class space    used 763K, capacity 836K, committed 896K, reserved 1048576K

Card table byte_map: [0x0000000011800000,0x0000000011c00000] byte_map_base: 0x00000000113f5000

Marking Bits: (ParMarkBitMap*) 0x000000006a3364f0
 Begin Bits: [0x00000000122b0000, 0x0000000014258000)
 End Bits:   [0x0000000014258000, 0x0000000016200000)

Polling page: 0x0000000000bc0000

CodeCache: size=245760Kb used=1904Kb max_used=1904Kb free=243855Kb
 bounds [0x0000000002440000, 0x00000000026b0000, 0x0000000011440000]
 total_blobs=666 nmethods=391 adapters=188
 compilation: enabled

Compilation events (10 events):
Event: 0.475 Thread 0x0000000016fd7000  352       3       java.security.CodeSource::hashCode (17 bytes)
Event: 0.475 Thread 0x0000000016fd7000 nmethod 352 0x00000000025ff990 code [0x00000000025ffb20, 0x00000000026000a8]
Event: 0.475 Thread 0x0000000016fd7000  353  s    3       java.net.URL::hashCode (30 bytes)
Event: 0.475 Thread 0x0000000016fd7000 nmethod 353 0x0000000002600250 code [0x00000000026003c0, 0x00000000026007e8]
Event: 0.482 Thread 0x0000000016fd7000  354       3       java.util.jar.JarFile::getManifest (5 bytes)
Event: 0.482 Thread 0x0000000016fd7000 nmethod 354 0x00000000025f9610 code [0x00000000025f9780, 0x00000000025f9908]
Event: 0.483 Thread 0x0000000016fd7000  355       3       java.util.regex.Pattern$CharProperty::match (56 bytes)
Event: 0.484 Thread 0x0000000016fd7000 nmethod 355 0x00000000026008d0 code [0x0000000002600a60, 0x0000000002600f48]
Event: 0.484 Thread 0x0000000016fd7000  356       3       java.util.regex.Pattern$Node::match (27 bytes)
Event: 0.484 Thread 0x0000000016fd7000 nmethod 356 0x00000000026010d0 code [0x0000000002601240, 0x00000000026013f0]

GC Heap History (0 events):
No events

Deoptimization events (1 events):
Event: 0.347 Thread 0x0000000000bde000 Uncommon trap: reason=unstable_if action=reinterpret pc=0x00000000025b6090 method=java.lang.String.startsWith(Ljava/lang/String;I)Z @ 25

Internal exceptions (9 events):
Event: 0.033 Thread 0x0000000000bde000 Exception <a 'java/lang/NoSuchMethodError': Method sun.misc.Unsafe.defineClass(Ljava/lang/String;[BII)Ljava/lang/Class; name or signature does not match> (0x00000000d5d07cc0) thrown at [D:\re\workspace\8-2-build-windows-amd64-cygwin\jdk8u92\6642\hotspot\sr—∏e≠˙†?
Event: 0.033 Thread 0x0000000000bde000 Exception <a 'java/lang/NoSuchMethodError': Method sun.misc.Unsafe.prefetchRead(Ljava/lang/Object;J)V name or signature does not match> (0x00000000d5d07fa8) thrown at [D:\re\workspace\8-2-build-windows-amd64-cygwin\jdk8u92\6642\hotspot\src\share\vm\prims\jú—t„ex¡?
Event: 0.136 Thread 0x0000000000bde000 Exception <a 'java/security/PrivilegedActionException'> (0x00000000d5e9ec00) thrown at [D:\re\workspace\8-2-build-windows-amd64-cygwin\jdk8u92\6642\hotspot\src\share\vm\prims\jvm.cpp, line 1386]
Event: 0.137 Thread 0x0000000000bde000 Exception <a 'java/security/PrivilegedActionException'> (0x00000000d5e9ee10) thrown at [D:\re\workspace\8-2-build-windows-amd64-cygwin\jdk8u92\6642\hotspot\src\share\vm\prims\jvm.cpp, line 1386]
Event: 0.138 Thread 0x0000000000bde000 Exception <a 'java/security/PrivilegedActionException'> (0x00000000d5ea2c58) thrown at [D:\re\workspace\8-2-build-windows-amd64-cygwin\jdk8u92\6642\hotspot\src\share\vm\prims\jvm.cpp, line 1386]
Event: 0.138 Thread 0x0000000000bde000 Exception <a 'java/security/PrivilegedActionException'> (0x00000000d5ea2e68) thrown at [D:\re\workspace\8-2-build-windows-amd64-cygwin\jdk8u92\6642\hotspot\src\share\vm\prims\jvm.cpp, line 1386]
Event: 0.386 Thread 0x0000000000bde000 Exception <a 'java/lang/ArrayIndexOutOfBoundsException': 100> (0x00000000d63d5ac0) thrown at [D:\re\workspace\8-2-build-windows-amd64-cygwin\jdk8u92\6642\hotspot\src\share\vm\interpreter\interpreterRuntime.cpp, line 366]
Event: 0.386 Thread 0x0000000000bde000 Exception <a 'java/lang/ArrayIndexOutOfBoundsException': 18> (0x00000000d63d69d8) thrown at [D:\re\workspace\8-2-build-windows-amd64-cygwin\jdk8u92\6642\hotspot\src\share\vm\interpreter\interpreterRuntime.cpp, line 366]
Event: 0.387 Thread 0x0000000000bde000 Exception <a 'java/lang/ArrayIndexOutOfBoundsException': 40> (0x00000000d63d7608) thrown at [D:\re\workspace\8-2-build-windows-amd64-cygwin\jdk8u92\6642\hotspot\src\share\vm\interpreter\interpreterRuntime.cpp, line 366]

Events (10 events):
Event: 0.481 loading class java/util/regex/Pattern$CharPropertyNames$20
Event: 0.481 loading class java/util/regex/Pattern$CharPropertyNames$20 done
Event: 0.481 loading class java/util/regex/Pattern$CharPropertyNames$21
Event: 0.481 loading class java/util/regex/Pattern$CharPropertyNames$21 done
Event: 0.482 loading class java/util/regex/Pattern$CharPropertyNames$22
Event: 0.482 loading class java/util/regex/Pattern$CharPropertyNames$22 done
Event: 0.482 loading class java/util/regex/Pattern$CharPropertyNames$23
Event: 0.482 loading class java/util/regex/Pattern$CharPropertyNames$23 done
Event: 0.482 loading class org/gradle/cli/CommandLineOption
Event: 0.482 loading class org/gradle/cli/CommandLineOption done


Dynamic libraries:
0x00007ff6408d0000 - 0x00007ff640907000 	C:\Program Files\java\jdk1.8.0_92\bin\java.exe
0x00007ffded170000 - 0x00007ffded341000 	C:\WINDOWS\SYSTEM32\ntdll.dll
0x00007ffdeb950000 - 0x00007ffdeb9fb000 	C:\WINDOWS\System32\KERNEL32.DLL
0x00007ffdc2700000 - 0x00007ffdc2733000 	C:\Program Files\AVAST Software\Avast\x64\aswhooka.dll
0x00007ffde9640000 - 0x00007ffde985d000 	C:\WINDOWS\System32\KERNELBASE.dll
0x00007ffdeb3c0000 - 0x00007ffdeb462000 	C:\WINDOWS\System32\ADVAPI32.dll
0x00007ffdeb050000 - 0x00007ffdeb0ee000 	C:\WINDOWS\System32\msvcrt.dll
0x00007ffdeb760000 - 0x00007ffdeb7b9000 	C:\WINDOWS\System32\sechost.dll
0x00007ffdeb7c0000 - 0x00007ffdeb8e1000 	C:\WINDOWS\System32\RPCRT4.dll
0x00007ffdea900000 - 0x00007ffdeaa65000 	C:\WINDOWS\System32\USER32.dll
0x00007ffde9860000 - 0x00007ffde987e000 	C:\WINDOWS\System32\win32u.dll
0x00007ffdeb680000 - 0x00007ffdeb6b4000 	C:\WINDOWS\System32\GDI32.dll
0x00007ffde9c50000 - 0x00007ffde9dd2000 	C:\WINDOWS\System32\gdi32full.dll
0x00007ffddff90000 - 0x00007ffde0209000 	C:\WINDOWS\WinSxS\amd64_microsoft.windows.common-controls_6595b64144ccf1df_6.0.14393.447_none_42191651c6827bb3\COMCTL32.dll
0x00007ffdeb0f0000 - 0x00007ffdeb3b8000 	C:\WINDOWS\System32\combase.dll
0x00007ffde9880000 - 0x00007ffde9975000 	C:\WINDOWS\System32\ucrtbase.dll
0x00007ffde9be0000 - 0x00007ffde9c4a000 	C:\WINDOWS\System32\bcryptPrimitives.dll
0x00007ffdebac0000 - 0x00007ffdebaee000 	C:\WINDOWS\System32\IMM32.DLL
0x00007ffde94b0000 - 0x00007ffde94e1800 	C:\WINDOWS\system32\DriverStore\FileRepository\nvami.inf_amd64_01b64dec419235d3\nvinitx.dll
0x00007ffde94a0000 - 0x00007ffde94aa000 	C:\WINDOWS\SYSTEM32\VERSION.dll
0x00007ffdebc60000 - 0x00007ffded169000 	C:\WINDOWS\System32\Shell32.dll
0x00007ffdea690000 - 0x00007ffdea6d2000 	C:\WINDOWS\System32\cfgmgr32.dll
0x00007ffde9fb0000 - 0x00007ffdea68a000 	C:\WINDOWS\System32\windows.storage.dll
0x00007ffde95f0000 - 0x00007ffde963c000 	C:\WINDOWS\System32\powrprof.dll
0x00007ffdeb6c0000 - 0x00007ffdeb712000 	C:\WINDOWS\System32\shlwapi.dll
0x00007ffde95b0000 - 0x00007ffde95bf000 	C:\WINDOWS\System32\kernel.appcore.dll
0x00007ffde9a90000 - 0x00007ffde9b39000 	C:\WINDOWS\System32\shcore.dll
0x00007ffde95c0000 - 0x00007ffde95d4000 	C:\WINDOWS\System32\profapi.dll
0x000000006cb20000 - 0x000000006cb26000 	C:\Program Files\NVIDIA Corporation\CoProcManager\_etoured.dll
0x00007ffde7190000 - 0x00007ffde71d0800 	C:\Program Files\NVIDIA Corporation\CoProcManager\nvd3d9wrapx.dll
0x00007ffdeaa80000 - 0x00007ffdeaea9000 	C:\WINDOWS\System32\SETUPAPI.dll
0x00007ffde7160000 - 0x00007ffde718a000 	C:\Program Files\NVIDIA Corporation\CoProcManager\nvdxgiwrapx.dll
0x000000006a3c0000 - 0x000000006a492000 	C:\Program Files\java\jdk1.8.0_92\jre\bin\msvcr100.dll
0x0000000069b20000 - 0x000000006a3b6000 	C:\Program Files\java\jdk1.8.0_92\jre\bin\server\jvm.dll
0x00007ffdea6e0000 - 0x00007ffdea6e8000 	C:\WINDOWS\System32\PSAPI.DLL
0x00007ffddb250000 - 0x00007ffddb259000 	C:\WINDOWS\SYSTEM32\WSOCK32.dll
0x00007ffdeb470000 - 0x00007ffdeb4da000 	C:\WINDOWS\System32\WS2_32.dll
0x00007ffde79f0000 - 0x00007ffde7a13000 	C:\WINDOWS\SYSTEM32\WINMM.dll
0x00007ffde79c0000 - 0x00007ffde79eb000 	C:\WINDOWS\SYSTEM32\WINMMBASE.dll
0x0000000069b10000 - 0x0000000069b1f000 	C:\Program Files\java\jdk1.8.0_92\jre\bin\verify.dll
0x0000000069ae0000 - 0x0000000069b09000 	C:\Program Files\java\jdk1.8.0_92\jre\bin\java.dll
0x0000000069ac0000 - 0x0000000069ad6000 	C:\Program Files\java\jdk1.8.0_92\jre\bin\zip.dll
0x0000000069aa0000 - 0x0000000069aba000 	C:\Program Files\Java\jdk1.8.0_92\jre\bin\net.dll
0x00007ffde8e30000 - 0x00007ffde8e8c000 	C:\WINDOWS\system32\mswsock.dll
0x0000000069a80000 - 0x0000000069a91000 	C:\Program Files\Java\jdk1.8.0_92\jre\bin\nio.dll
0x00007ffddfc10000 - 0x00007ffddfc22000 	C:\Users\Matthias\.gradle\native\19\windows-amd64\native-platform.dll

VM Arguments:
jvm_args: -Dorg.gradle.appname=gradlew 
java_command: org.gradle.wrapper.GradleWrapperMain cdvBuildDebug -b F:\var\www\halleinAppFrontend\HalleinApp\platforms\android\build.gradle -Dorg.gradle.daemon=true -Dorg.gradle.jvmargs=-Xmx2048m -Pandroid.useDeprecatedNdk=true
java_class_path (initial): F:\var\www\halleinAppFrontend\HalleinApp\platforms\android\\gradle\wrapper\gradle-wrapper.jar
Launcher Type: SUN_STANDARD

Environment Variables:
JAVA_HOME=C:\Program Files\java\jdk1.8.0_92
CLASSPATH=F:\var\www\halleinAppFrontend\HalleinApp\platforms\android\\gradle\wrapper\gradle-wrapper.jar
PATH=C:\Users\Matthias\bin;C:\Program Files\Git\mingw64\bin;C:\Program Files\Git\usr\local\bin;C:\Program Files\Git\usr\bin;C:\Program Files\Git\usr\bin;C:\Program Files\Git\mingw64\bin;C:\Program Files\Git\usr\bin;C:\Users\Matthias\bin;C:\ProgramData\Oracle\Java\javapath;C:\WINDOWS\system32;C:\WINDOWS;C:\WINDOWS\System32\Wbem;C:\WINDOWS\System32\WindowsPowerShell\v1.0;C:\Program Files (x86)\Microsoft SDKs\TypeScript\1.0;C:\Program Files (x86)\GtkSharp\2.12\bin;C:\Program Files\Git\cmd;C:\Ruby23-x64\bin;C:\MinGW\bin;C:\xampp\php;C:\Program Files\nodejs;C:\Program Files (x86)\Yarn\bin;C:\Users\Matthias\AppData\Local\atom\bin;C:\Users\Matthias\AppData\Local\Microsoft\WindowsApps;C:\Users\Matthias\AppData\Roaming\npm;C:\Users\Matthias\AppData\Local\Yarn\.bin;C:\Program Files\Git\usr\bin\vendor_perl;C:\Program Files\Git\usr\bin\core_perl;C:\Program Files\java\jdk1.8.0_92\bin;C:\Users\Matthias\AppData\Local\Android\android-sdk\tools;C:\Users\Matthias\AppData\Local\Android\android-sdk\platform-tools
USERNAME=Matthias
SHELL=C:\Program Files\Git\usr\bin\bash
DISPLAY=needs-to-be-defined
OS=Windows_NT
PROCESSOR_IDENTIFIER=Intel64 Family 6 Model 42 Stepping 7, GenuineIntel



---------------  S Y S T E M  ---------------

OS: Windows 10.0 , 64 bit Build 14393 (10.0.14393.0)

CPU:total 4 (2 cores per cpu, 2 threads per core) family 6 model 42 stepping 7, cmov, cx8, fxsr, mmx, sse, sse2, sse3, ssse3, sse4.1, sse4.2, popcnt, avx, aes, clmul, ht, tsc, tscinvbit

Memory: 4k page, physical 8298256k(1639800k free), swap 8298256k(4324k free)

vm_info: Java HotSpot(TM) 64-Bit Server VM (25.92-b14) for windows-amd64 JRE (1.8.0_92-b14), built on Mar 31 2016 21:03:04 by "java_re" with MS VC++ 10.0 (VS2010)

time: Thu Feb 16 04:10:44 2017
elapsed time: 0 seconds (0d 0h 0m 0s)

